# JRE version: OpenJDK Runtime Environment (11.0.10) (build 11.0.10+0-b96-7249189)
# Java VM: OpenJDK 64-Bit Server VM (11.0.10+0-b96-7249189, mixed mode, tiered, compressed oops, g1 gc, windows-amd64)
Heap:
 garbage-first heap   total 262144K, used 132210K [0x0000000080000000, 0x0000000100000000)
  region size 1024K, 109 young (111616K), 11 survivors (11264K)
 Metaspace       used 47909K, capacity 49195K, committed 49532K, reserved 1091584K
  class space    used 6100K, capacity 6566K, committed 6656K, reserved 1048576K
GC Heap History (16 events):
Event: 0.400 GC heap before
{Heap before GC invocations=0 (full 0):
 garbage-first heap   total 262144K, used 19456K [0x0000000080000000, 0x0000000100000000)
  region size 1024K, 14 young (14336K), 0 survivors (0K)
 Metaspace       used 7463K, capacity 7667K, committed 7936K, reserved 1056768K
  class space    used 686K, capacity 748K, committed 768K, reserved 1048576K
}
Event: 0.403 GC heap after
{Heap after GC invocations=1 (full 0):
 garbage-first heap   total 262144K, used 8151K [0x0000000080000000, 0x0000000100000000)
  region size 1024K, 2 young (2048K), 2 survivors (2048K)
 Metaspace       used 7463K, capacity 7667K, committed 7936K, reserved 1056768K
  class space    used 686K, capacity 748K, committed 768K, reserved 1048576K
}
Event: 0.682 GC heap before
{Heap before GC invocations=1 (full 0):
 garbage-first heap   total 262144K, used 22487K [0x0000000080000000, 0x0000000100000000)
  region size 1024K, 16 young (16384K), 2 survivors (2048K)
 Metaspace       used 10879K, capacity 11132K, committed 11264K, reserved 1058816K
  class space    used 1144K, capacity 1201K, committed 1280K, reserved 1048576K
}
Event: 0.684 GC heap after
{Heap after GC invocations=2 (full 0):
 garbage-first heap   total 262144K, used 9114K [0x0000000080000000, 0x0000000100000000)
  region size 1024K, 1 young (1024K), 1 survivors (1024K)
 Metaspace       used 10879K, capacity 11132K, committed 11264K, reserved 1058816K
  class space    used 1144K, capacity 1201K, committed 1280K, reserved 1048576K
}
Event: 1.022 GC heap before
{Heap before GC invocations=2 (full 0):
 garbage-first heap   total 262144K, used 38810K [0x0000000080000000, 0x0000000100000000)
  region size 1024K, 31 young (31744K), 1 survivors (1024K)
 Metaspace       used 11138K, capacity 11540K, committed 11776K, reserved 1060864K
  class space    used 1167K, capacity 1273K, committed 1280K, reserved 1048576K
}
Event: 1.024 GC heap after
{Heap after GC invocations=3 (full 0):
 garbage-first heap   total 262144K, used 13372K [0x0000000080000000, 0x0000000100000000)
  region size 1024K, 4 young (4096K), 4 survivors (4096K)
 Metaspace       used 11138K, capacity 11540K, committed 11776K, reserved 1060864K
  class space    used 1167K, capacity 1273K, committed 1280K, reserved 1048576K
}
Event: 1.858 GC heap before
{Heap before GC invocations=3 (full 0):
 garbage-first heap   total 262144K, used 56380K [0x0000000080000000, 0x0000000100000000)
  region size 1024K, 47 young (48128K), 4 survivors (4096K)
 Metaspace       used 19645K, capacity 20058K, committed 20224K, reserved 1067008K
  class space    used 2391K, capacity 2531K, committed 2560K, reserved 1048576K
}
Event: 1.863 GC heap after
{Heap after GC invocations=4 (full 0):
 garbage-first heap   total 262144K, used 16457K [0x0000000080000000, 0x0000000100000000)
  region size 1024K, 3 young (3072K), 3 survivors (3072K)
 Metaspace       used 19645K, capacity 20058K, committed 20224K, reserved 1067008K
  class space    used 2391K, capacity 2531K, committed 2560K, reserved 1048576K
}
Event: 1.917 GC heap before
{Heap before GC invocations=4 (full 0):
 garbage-first heap   total 262144K, used 21577K [0x0000000080000000, 0x0000000100000000)
  region size 1024K, 9 young (9216K), 3 survivors (3072K)
 Metaspace       used 20568K, capacity 21131K, committed 21296K, reserved 1069056K
  class space    used 2518K, capacity 2680K, committed 2688K, reserved 1048576K
}
Event: 1.920 GC heap after
{Heap after GC invocations=5 (full 0):
 garbage-first heap   total 262144K, used 16664K [0x0000000080000000, 0x0000000100000000)
  region size 1024K, 3 young (3072K), 3 survivors (3072K)
 Metaspace       used 20568K, capacity 21131K, committed 21296K, reserved 1069056K
  class space    used 2518K, capacity 2680K, committed 2688K, reserved 1048576K
}
Event: 2.475 GC heap before
{Heap before GC invocations=6 (full 0):
 garbage-first heap   total 262144K, used 74008K [0x0000000080000000, 0x0000000100000000)
  region size 1024K, 59 young (60416K), 3 survivors (3072K)
 Metaspace       used 26813K, capacity 27464K, committed 27568K, reserved 1073152K
  class space    used 3525K, capacity 3754K, committed 3840K, reserved 1048576K
}
Event: 2.480 GC heap after
{Heap after GC invocations=7 (full 0):
 garbage-first heap   total 262144K, used 18712K [0x0000000080000000, 0x0000000100000000)
  region size 1024K, 5 young (5120K), 5 survivors (5120K)
 Metaspace       used 26813K, capacity 27464K, committed 27568K, reserved 1073152K
  class space    used 3525K, capacity 3754K, committed 3840K, reserved 1048576K
}
Event: 2.970 GC heap before
{Heap before GC invocations=7 (full 0):
 garbage-first heap   total 262144K, used 59672K [0x0000000080000000, 0x0000000100000000)
  region size 1024K, 46 young (47104K), 5 survivors (5120K)
 Metaspace       used 34876K, capacity 35633K, committed 35708K, reserved 1081344K
  class space    used 4535K, capacity 4817K, committed 4864K, reserved 1048576K
}
Event: 2.978 GC heap after
{Heap after GC invocations=8 (full 0):
 garbage-first heap   total 262144K, used 21784K [0x0000000080000000, 0x0000000100000000)
  region size 1024K, 8 young (8192K), 8 survivors (8192K)
 Metaspace       used 34876K, capacity 35633K, committed 35708K, reserved 1081344K
  class space    used 4535K, capacity 4817K, committed 4864K, reserved 1048576K
}
Event: 3.873 GC heap before
{Heap before GC invocations=9 (full 0):
 garbage-first heap   total 262144K, used 113944K [0x0000000080000000, 0x0000000100000000)
  region size 1024K, 95 young (97280K), 8 survivors (8192K)
 Metaspace       used 43100K, capacity 44084K, committed 44284K, reserved 1087488K
  class space    used 5544K, capacity 5927K, committed 6016K, reserved 1048576K
}
Event: 3.886 GC heap after
{Heap after GC invocations=10 (full 0):
 garbage-first heap   total 262144K, used 26738K [0x0000000080000000, 0x0000000100000000)
  region size 1024K, 11 young (11264K), 11 survivors (11264K)
 Metaspace       used 43100K, capacity 44084K, committed 44284K, reserved 1087488K
  class space    used 5544K, capacity 5927K, committed 6016K, reserved 1048576K
}

