# JRE version: OpenJDK Runtime Environment (11.0.10) (build 11.0.10+0-b96-7249189)
# Java VM: OpenJDK 64-Bit Server VM (11.0.10+0-b96-7249189, mixed mode, tiered, compressed oops, g1 gc, windows-amd64)
Heap:
 garbage-first heap   total 262144K, used 111835K [0x0000000080000000, 0x0000000100000000)
  region size 1024K, 65 young (66560K), 6 survivors (6144K)
 Metaspace       used 62353K, capacity 63849K, committed 64128K, reserved 1105920K
  class space    used 7925K, capacity 8485K, committed 8576K, reserved 1048576K
GC Heap History (20 events):
Event: 0.389 GC heap before
{Heap before GC invocations=0 (full 0):
 garbage-first heap   total 262144K, used 19456K [0x0000000080000000, 0x0000000100000000)
  region size 1024K, 14 young (14336K), 0 survivors (0K)
 Metaspace       used 7460K, capacity 7667K, committed 7936K, reserved 1056768K
  class space    used 686K, capacity 748K, committed 768K, reserved 1048576K
}
Event: 0.392 GC heap after
{Heap after GC invocations=1 (full 0):
 garbage-first heap   total 262144K, used 8182K [0x0000000080000000, 0x0000000100000000)
  region size 1024K, 2 young (2048K), 2 survivors (2048K)
 Metaspace       used 7460K, capacity 7667K, committed 7936K, reserved 1056768K
  class space    used 686K, capacity 748K, committed 768K, reserved 1048576K
}
Event: 0.661 GC heap before
{Heap before GC invocations=1 (full 0):
 garbage-first heap   total 262144K, used 23542K [0x0000000080000000, 0x0000000100000000)
  region size 1024K, 17 young (17408K), 2 survivors (2048K)
 Metaspace       used 10901K, capacity 11132K, committed 11264K, reserved 1058816K
  class space    used 1144K, capacity 1201K, committed 1280K, reserved 1048576K
}
Event: 0.663 GC heap after
{Heap after GC invocations=2 (full 0):
 garbage-first heap   total 262144K, used 9035K [0x0000000080000000, 0x0000000100000000)
  region size 1024K, 1 young (1024K), 1 survivors (1024K)
 Metaspace       used 10901K, capacity 11132K, committed 11264K, reserved 1058816K
  class space    used 1144K, capacity 1201K, committed 1280K, reserved 1048576K
}
Event: 0.838 GC heap before
{Heap before GC invocations=2 (full 0):
 garbage-first heap   total 262144K, used 30539K [0x0000000080000000, 0x0000000100000000)
  region size 1024K, 23 young (23552K), 1 survivors (1024K)
 Metaspace       used 10988K, capacity 11196K, committed 11520K, reserved 1058816K
  class space    used 1144K, capacity 1201K, committed 1280K, reserved 1048576K
}
Event: 0.840 GC heap after
{Heap after GC invocations=3 (full 0):
 garbage-first heap   total 262144K, used 12755K [0x0000000080000000, 0x0000000100000000)
  region size 1024K, 3 young (3072K), 3 survivors (3072K)
 Metaspace       used 10988K, capacity 11196K, committed 11520K, reserved 1058816K
  class space    used 1144K, capacity 1201K, committed 1280K, reserved 1048576K
}
Event: 1.533 GC heap before
{Heap before GC invocations=3 (full 0):
 garbage-first heap   total 262144K, used 48595K [0x0000000080000000, 0x0000000100000000)
  region size 1024K, 38 young (38912K), 3 survivors (3072K)
 Metaspace       used 17592K, capacity 18065K, committed 18176K, reserved 1064960K
  class space    used 2083K, capacity 2228K, committed 2304K, reserved 1048576K
}
Event: 1.537 GC heap after
{Heap after GC invocations=4 (full 0):
 garbage-first heap   total 262144K, used 15669K [0x0000000080000000, 0x0000000100000000)
  region size 1024K, 5 young (5120K), 5 survivors (5120K)
 Metaspace       used 17592K, capacity 18065K, committed 18176K, reserved 1064960K
  class space    used 2083K, capacity 2228K, committed 2304K, reserved 1048576K
}
Event: 1.731 GC heap before
{Heap before GC invocations=4 (full 0):
 garbage-first heap   total 262144K, used 36149K [0x0000000080000000, 0x0000000100000000)
  region size 1024K, 26 young (26624K), 5 survivors (5120K)
 Metaspace       used 20575K, capacity 21099K, committed 21248K, reserved 1067008K
  class space    used 2524K, capacity 2712K, committed 2816K, reserved 1048576K
}
Event: 1.734 GC heap after
{Heap after GC invocations=5 (full 0):
 garbage-first heap   total 262144K, used 17010K [0x0000000080000000, 0x0000000100000000)
  region size 1024K, 4 young (4096K), 4 survivors (4096K)
 Metaspace       used 20575K, capacity 21099K, committed 21248K, reserved 1067008K
  class space    used 2524K, capacity 2712K, committed 2816K, reserved 1048576K
}
Event: 2.255 GC heap before
{Heap before GC invocations=6 (full 0):
 garbage-first heap   total 262144K, used 70258K [0x0000000080000000, 0x0000000100000000)
  region size 1024K, 56 young (57344K), 4 survivors (4096K)
 Metaspace       used 26523K, capacity 27208K, committed 27264K, reserved 1073152K
  class space    used 3484K, capacity 3710K, committed 3712K, reserved 1048576K
}
Event: 2.259 GC heap after
{Heap after GC invocations=7 (full 0):
 garbage-first heap   total 262144K, used 18929K [0x0000000080000000, 0x0000000100000000)
  region size 1024K, 3 young (3072K), 3 survivors (3072K)
 Metaspace       used 26523K, capacity 27208K, committed 27264K, reserved 1073152K
  class space    used 3484K, capacity 3710K, committed 3712K, reserved 1048576K
}
Event: 2.801 GC heap before
{Heap before GC invocations=7 (full 0):
 garbage-first heap   total 262144K, used 63985K [0x0000000080000000, 0x0000000100000000)
  region size 1024K, 48 young (49152K), 3 survivors (3072K)
 Metaspace       used 35078K, capacity 35813K, committed 35840K, reserved 1081344K
  class space    used 4567K, capacity 4856K, committed 4864K, reserved 1048576K
}
Event: 2.808 GC heap after
{Heap after GC invocations=8 (full 0):
 garbage-first heap   total 262144K, used 22030K [0x0000000080000000, 0x0000000100000000)
  region size 1024K, 6 young (6144K), 6 survivors (6144K)
 Metaspace       used 35078K, capacity 35813K, committed 35840K, reserved 1081344K
  class space    used 4567K, capacity 4856K, committed 4864K, reserved 1048576K
}
Event: 3.719 GC heap before
{Heap before GC invocations=9 (full 0):
 garbage-first heap   total 262144K, used 117262K [0x0000000080000000, 0x0000000100000000)
  region size 1024K, 96 young (98304K), 6 survivors (6144K)
 Metaspace       used 43422K, capacity 44460K, committed 44672K, reserved 1087488K
  class space    used 5583K, capacity 5967K, committed 6016K, reserved 1048576K
}
Event: 3.729 GC heap after
{Heap after GC invocations=10 (full 0):
 garbage-first heap   total 262144K, used 27195K [0x0000000080000000, 0x0000000100000000)
  region size 1024K, 11 young (11264K), 11 survivors (11264K)
 Metaspace       used 43422K, capacity 44460K, committed 44672K, reserved 1087488K
  class space    used 5583K, capacity 5967K, committed 6016K, reserved 1048576K
}
Event: 4.635 GC heap before
{Heap before GC invocations=10 (full 0):
 garbage-first heap   total 262144K, used 150075K [0x0000000080000000, 0x0000000100000000)
  region size 1024K, 125 young (128000K), 11 survivors (11264K)
 Metaspace       used 51114K, capacity 52358K, committed 52608K, reserved 1095680K
  class space    used 6500K, capacity 6963K, committed 7040K, reserved 1048576K
}
Event: 4.648 GC heap after
{Heap after GC invocations=11 (full 0):
 garbage-first heap   total 262144K, used 45596K [0x0000000080000000, 0x0000000100000000)
  region size 1024K, 16 young (16384K), 16 survivors (16384K)
 Metaspace       used 51114K, capacity 52358K, committed 52608K, reserved 1095680K
  class space    used 6500K, capacity 6963K, committed 7040K, reserved 1048576K
}
Event: 5.351 GC heap before
{Heap before GC invocations=11 (full 0):
 garbage-first heap   total 262144K, used 106012K [0x0000000080000000, 0x0000000100000000)
  region size 1024K, 76 young (77824K), 16 survivors (16384K)
 Metaspace       used 58594K, capacity 60093K, committed 60160K, reserved 1101824K
  class space    used 7436K, capacity 8011K, committed 8064K, reserved 1048576K
}
Event: 5.372 GC heap after
{Heap after GC invocations=12 (full 0):
 garbage-first heap   total 262144K, used 52443K [0x0000000080000000, 0x0000000100000000)
  region size 1024K, 6 young (6144K), 6 survivors (6144K)
 Metaspace       used 58594K, capacity 60093K, committed 60160K, reserved 1101824K
  class space    used 7436K, capacity 8011K, committed 8064K, reserved 1048576K
}

